<?xml version="1.0" encoding="UTF-8" ?>
<testsuite tests="7" failures="2" name="com.myapp.selenium.GoogleSearchTest" time="1.312" errors="0" skipped="5">
  <properties>
[...]
</properties>
  <testcase classname="com.myapp.selenium.GoogleSearchTest" name="setUp" time="1.302">
    <failure message="
Parameter &apos;os&apos; is required by @Configuration on method setUp but has not been marked @Optional or defined
" type="org.testng.TestNGException">org.testng.TestNGException: 
Parameter &apos;os&apos; is required by @Configuration on method setUp but has not been marked @Optional or defined

	at org.testng.internal.Parameters.createParameters(Parameters.java:154)
	at org.testng.internal.Parameters.createParameters(Parameters.java:361)
	at org.testng.internal.Parameters.createConfigurationParameters(Parameters.java:84)
	at org.testng.internal.Invoker.invokeConfigurations(Invoker.java:201)
	at org.testng.internal.Invoker.invokeConfigurations(Invoker.java:142)
	at org.testng.internal.TestMethodWorker.invokeBeforeClassMethods(TestMethodWorker.java:178)
	at org.testng.internal.TestMethodWorker.run(TestMethodWorker.java:108)
	at org.testng.TestRunner.privateRun(TestRunner.java:782)
	at org.testng.TestRunner.run(TestRunner.java:632)
	at org.testng.SuiteRunner.runTest(SuiteRunner.java:366)
	at org.testng.SuiteRunner.runSequentially(SuiteRunner.java:361)
	at org.testng.SuiteRunner.privateRun(SuiteRunner.java:319)
	at org.testng.SuiteRunner.run(SuiteRunner.java:268)
	at org.testng.SuiteRunnerWorker.runSuite(SuiteRunnerWorker.java:52)
	at org.testng.SuiteRunnerWorker.run(SuiteRunnerWorker.java:86)
	at org.testng.TestNG.runSuitesSequentially(TestNG.java:1244)
	at org.testng.TestNG.runSuitesLocally(TestNG.java:1169)
	at org.testng.TestNG.run(TestNG.java:1064)
	at org.apache.maven.surefire.testng.TestNGExecutor.run(TestNGExecutor.java:77)
	at org.apache.maven.surefire.testng.TestNGDirectoryTestSuite.execute(TestNGDirectoryTestSuite.java:110)
	at org.apache.maven.surefire.testng.TestNGProvider.invoke(TestNGProvider.java:106)
	at sun.reflect.NativeMethodAccessorImpl.invoke0(Native Method)
	at sun.reflect.NativeMethodAccessorImpl.invoke(NativeMethodAccessorImpl.java:62)
	at sun.reflect.DelegatingMethodAccessorImpl.invoke(DelegatingMethodAccessorImpl.java:43)
	at java.lang.reflect.Method.invoke(Method.java:498)
	at org.apache.maven.surefire.util.ReflectionUtils.invokeMethodWithArray(ReflectionUtils.java:189)
	at org.apache.maven.surefire.booter.ProviderFactory$ProviderProxy.invoke(ProviderFactory.java:165)
	at org.apache.maven.surefire.booter.ProviderFactory.invokeProvider(ProviderFactory.java:85)
	at org.apache.maven.surefire.booter.ForkedBooter.runSuitesInProcess(ForkedBooter.java:115)
	at org.apache.maven.surefire.booter.ForkedBooter.main(ForkedBooter.java:75)
</failure>
    <system-out>Configuring TestNG with: org.apache.maven.surefire.testng.conf.TestNG652Configurator@299a06ac
</system-out>
  </testcase>
  <testcase classname="com.myapp.selenium.GoogleSearchTest" name="googleFeelingLuckyButtonTest" time="0.004">
    <skipped/>
  </testcase>
  <testcase classname="com.myapp.selenium.GoogleSearchTest" name="googleSearchBox" time="0">
    <skipped/>
  </testcase>
  <testcase classname="com.myapp.selenium.GoogleSearchTest" name="googleSearchButtonTest" time="0">
    <skipped/>
  </testcase>
  <testcase classname="com.myapp.selenium.GoogleSearchTest" name="googleTitleTest" time="0">
    <skipped/>
  </testcase>
  <testcase classname="com.myapp.selenium.GoogleSearchTest" name="googleUrlTest" time="0">
    <skipped/>
  </testcase>
  <testcase classname="com.myapp.selenium.GoogleSearchTest" name="closeBrowser" time="0.006">
    <failure type="java.lang.NullPointerException">java.lang.NullPointerException
	at com.myapp.selenium.GoogleSearchTest.closeBrowser(GoogleSearchTest.java:78)
</failure>
  </testcase>
</testsuite>