<?xml version="1.0" encoding="UTF-8"?>
<testng-results skipped="5" failed="0" total="5" passed="0">
  <reporter-output>
  </reporter-output>
  <suite name="Default suite" duration-ms="44" started-at="2021-04-16T09:52:27Z" finished-at="2021-04-16T09:52:28Z">
    <groups>
    </groups>
    <test name="Default test" duration-ms="44" started-at="2021-04-16T09:52:27Z" finished-at="2021-04-16T09:52:28Z">
      <class name="com.myapp.selenium.GoogleSearchTest">
        <test-method status="FAIL" signature="setUp(java.lang.String, java.lang.String, java.lang.String, java.lang.String)[pri:0, instance:com.myapp.selenium.GoogleSearchTest@161479c6]" name="setUp" is-config="true" duration-ms="0" started-at="2021-04-16T15:22:27Z" finished-at="2021-04-16T15:22:27Z">
          <params>
            <param index="0">
              <value>
                <![CDATA[param-val-not-found]]>
              </value>
            </param>
            <param index="1">
              <value>
                <![CDATA[param-val-not-found]]>
              </value>
            </param>
            <param index="2">
              <value>
                <![CDATA[param-val-not-found]]>
              </value>
            </param>
            <param index="3">
              <value>
                <![CDATA[param-val-not-found]]>
              </value>
            </param>
          </params>
          <exception class="org.openqa.selenium.WebDriverException">
            <message>
              <![CDATA[Unrecognized platform: PARAM-VAL-NOT-FOUND
Build info: version: '4.0.0-alpha-5', revision: 'b3a0d621cc'
System info: host: 'LAPTOP-I5LCVM9M', ip: '192.168.0.103', os.name: 'Windows 10', os.arch: 'amd64', os.version: '10.0', java.version: '1.8.0_281'
Driver info: driver.version: SetupTestsDriver]]>
            </message>
            <full-stacktrace>
              <![CDATA[org.openqa.selenium.WebDriverException: Unrecognized platform: PARAM-VAL-NOT-FOUND
Build info: version: '4.0.0-alpha-5', revision: 'b3a0d621cc'
System info: host: 'LAPTOP-I5LCVM9M', ip: '192.168.0.103', os.name: 'Windows 10', os.arch: 'amd64', os.version: '10.0', java.version: '1.8.0_281'
Driver info: driver.version: SetupTestsDriver
	at org.openqa.selenium.Platform.fromString(Platform.java:347)
	at com.myapp.selenium.SetupTestsDriver.<init>(SetupTestsDriver.java:32)
	at com.myapp.selenium.GoogleSearchTest.setUp(GoogleSearchTest.java:23)
	at sun.reflect.NativeMethodAccessorImpl.invoke0(Native Method)
	at sun.reflect.NativeMethodAccessorImpl.invoke(NativeMethodAccessorImpl.java:62)
	at sun.reflect.DelegatingMethodAccessorImpl.invoke(DelegatingMethodAccessorImpl.java:43)
	at java.lang.reflect.Method.invoke(Method.java:498)
	at org.testng.internal.MethodInvocationHelper.invokeMethod(MethodInvocationHelper.java:84)
	at org.testng.internal.Invoker.invokeConfigurationMethod(Invoker.java:564)
	at org.testng.internal.Invoker.invokeConfigurations(Invoker.java:213)
	at org.testng.internal.Invoker.invokeConfigurations(Invoker.java:138)
	at org.testng.internal.TestMethodWorker.invokeBeforeClassMethods(TestMethodWorker.java:175)
	at org.testng.internal.TestMethodWorker.run(TestMethodWorker.java:107)
	at org.testng.TestRunner.privateRun(TestRunner.java:767)
	at org.testng.TestRunner.run(TestRunner.java:617)
	at org.testng.SuiteRunner.runTest(SuiteRunner.java:348)
	at org.testng.SuiteRunner.runSequentially(SuiteRunner.java:343)
	at org.testng.SuiteRunner.privateRun(SuiteRunner.java:305)
	at org.testng.SuiteRunner.run(SuiteRunner.java:254)
	at org.testng.SuiteRunnerWorker.runSuite(SuiteRunnerWorker.java:52)
	at org.testng.SuiteRunnerWorker.run(SuiteRunnerWorker.java:86)
	at org.testng.TestNG.runSuitesSequentially(TestNG.java:1224)
	at org.testng.TestNG.runSuitesLocally(TestNG.java:1149)
	at org.testng.TestNG.run(TestNG.java:1057)
	at org.testng.remote.AbstractRemoteTestNG.run(AbstractRemoteTestNG.java:115)
	at org.testng.remote.RemoteTestNG.initAndRun(RemoteTestNG.java:251)
	at org.testng.remote.RemoteTestNG.main(RemoteTestNG.java:77)
]]>
            </full-stacktrace>
          </exception> <!-- org.openqa.selenium.WebDriverException -->
          <reporter-output>
          </reporter-output>
        </test-method> <!-- setUp -->
        <test-method status="SKIP" signature="googleFeelingLuckyButtonTest()[pri:0, instance:com.myapp.selenium.GoogleSearchTest@161479c6]" name="googleFeelingLuckyButtonTest" duration-ms="1" started-at="2021-04-16T15:22:28Z" finished-at="2021-04-16T15:22:28Z">
          <reporter-output>
          </reporter-output>
        </test-method> <!-- googleFeelingLuckyButtonTest -->
        <test-method status="SKIP" signature="googleSearchBox()[pri:0, instance:com.myapp.selenium.GoogleSearchTest@161479c6]" name="googleSearchBox" duration-ms="1" started-at="2021-04-16T15:22:28Z" finished-at="2021-04-16T15:22:28Z">
          <reporter-output>
          </reporter-output>
        </test-method> <!-- googleSearchBox -->
        <test-method status="SKIP" signature="googleSearchButtonTest()[pri:0, instance:com.myapp.selenium.GoogleSearchTest@161479c6]" name="googleSearchButtonTest" duration-ms="0" started-at="2021-04-16T15:22:28Z" finished-at="2021-04-16T15:22:28Z">
          <reporter-output>
          </reporter-output>
        </test-method> <!-- googleSearchButtonTest -->
        <test-method status="SKIP" signature="googleTitleTest()[pri:0, instance:com.myapp.selenium.GoogleSearchTest@161479c6]" name="googleTitleTest" duration-ms="1" started-at="2021-04-16T15:22:28Z" finished-at="2021-04-16T15:22:28Z">
          <reporter-output>
          </reporter-output>
        </test-method> <!-- googleTitleTest -->
        <test-method status="SKIP" signature="googleUrlTest()[pri:0, instance:com.myapp.selenium.GoogleSearchTest@161479c6]" name="googleUrlTest" duration-ms="1" started-at="2021-04-16T15:22:28Z" finished-at="2021-04-16T15:22:28Z">
          <reporter-output>
          </reporter-output>
        </test-method> <!-- googleUrlTest -->
        <test-method status="FAIL" signature="closeBrowser()[pri:0, instance:com.myapp.selenium.GoogleSearchTest@161479c6]" name="closeBrowser" is-config="true" duration-ms="0" started-at="2021-04-16T15:22:28Z" finished-at="2021-04-16T15:22:28Z">
          <exception class="java.lang.NullPointerException">
            <full-stacktrace>
              <![CDATA[java.lang.NullPointerException
	at com.myapp.selenium.GoogleSearchTest.closeBrowser(GoogleSearchTest.java:77)
	at sun.reflect.NativeMethodAccessorImpl.invoke0(Native Method)
	at sun.reflect.NativeMethodAccessorImpl.invoke(NativeMethodAccessorImpl.java:62)
	at sun.reflect.DelegatingMethodAccessorImpl.invoke(DelegatingMethodAccessorImpl.java:43)
	at java.lang.reflect.Method.invoke(Method.java:498)
	at org.testng.internal.MethodInvocationHelper.invokeMethod(MethodInvocationHelper.java:84)
	at org.testng.internal.Invoker.invokeConfigurationMethod(Invoker.java:564)
	at org.testng.internal.Invoker.invokeConfigurations(Invoker.java:213)
	at org.testng.internal.Invoker.invokeConfigurations(Invoker.java:138)
	at org.testng.internal.TestMethodWorker.invokeAfterClassMethods(TestMethodWorker.java:225)
	at org.testng.internal.TestMethodWorker.run(TestMethodWorker.java:114)
	at org.testng.TestRunner.privateRun(TestRunner.java:767)
	at org.testng.TestRunner.run(TestRunner.java:617)
	at org.testng.SuiteRunner.runTest(SuiteRunner.java:348)
	at org.testng.SuiteRunner.runSequentially(SuiteRunner.java:343)
	at org.testng.SuiteRunner.privateRun(SuiteRunner.java:305)
	at org.testng.SuiteRunner.run(SuiteRunner.java:254)
	at org.testng.SuiteRunnerWorker.runSuite(SuiteRunnerWorker.java:52)
	at org.testng.SuiteRunnerWorker.run(SuiteRunnerWorker.java:86)
	at org.testng.TestNG.runSuitesSequentially(TestNG.java:1224)
	at org.testng.TestNG.runSuitesLocally(TestNG.java:1149)
	at org.testng.TestNG.run(TestNG.java:1057)
	at org.testng.remote.AbstractRemoteTestNG.run(AbstractRemoteTestNG.java:115)
	at org.testng.remote.RemoteTestNG.initAndRun(RemoteTestNG.java:251)
	at org.testng.remote.RemoteTestNG.main(RemoteTestNG.java:77)
]]>
            </full-stacktrace>
          </exception> <!-- java.lang.NullPointerException -->
          <reporter-output>
          </reporter-output>
        </test-method> <!-- closeBrowser -->
      </class> <!-- com.myapp.selenium.GoogleSearchTest -->
    </test> <!-- Default test -->
  </suite> <!-- Default suite -->
</testng-results>
